        t_0: 1686.50 1687.00 1686.00 5059.50
        t_1: 1679.50 1678.50 1678.50 5036.50
        t_2: 1679.00 1679.00 1679.50 5037.50
        t_3: 1677.50 1677.50 1677.50 5032.50
        t_4: 1677.50 1677.50 1677.50 5032.50
        t_5: 1678.00 1677.50 1677.50 5033.00
        t_6: 1679.00 1680.00 1680.00 5039.00
        t_7: 1680.00 1680.50 1680.00 5040.50
        t_8: 1680.50 1679.50 1680.00 5040.00
        t_9: 1675.00 1675.50 1675.00 5025.50
       t_10: 1673.00 1672.50 1672.50 5018.00
       t_11: 1676.00 1675.50 1676.50 5028.00
       t_12: 1681.00 1682.00 1681.00 5044.00
       t_13: 1685.50 1685.50 1685.50 5056.50
       t_14: 1492.00 1779.00 1779.50 5050.50
       t_15:    0.00 2502.50 2502.50 5005.00
       t_16:    0.00 2516.00 2515.50 5031.50
       t_17:    0.00 2507.50 2508.00 5015.50
       t_18:  471.50 2333.00 2216.50 5021.00
       t_19: 3996.00 1000.50    0.00 4996.50
       t_20: 4061.00 1000.00    2.00 5063.00
       t_21: 2754.50 1000.00 1251.00 5005.50
       t_22: 2016.50 1000.00 2017.00 5033.50
       t_23: 1975.00 1127.50 1974.50 5077.00
       t_24: 1681.50 1681.00 1681.00 5043.50
       t_25: 1682.00 1683.00 1682.50 5047.50
       t_26: 1680.50 1680.00 1681.00 5041.50
       t_27: 1684.00 1684.00 1683.00 5051.00
       t_28: 1683.50 1684.50 1684.50 5052.50
       t_29: 1314.00 1872.00 1872.50 5058.50
       t_30:    0.00 2529.00 2528.50 5057.50
       t_31:    0.00 2529.50 2529.50 5059.00
       t_32:    0.00 2528.00 2528.50 5056.50
       t_33:  914.00 2184.50 1962.00 5060.50
       t_34: 4089.00 1000.50    0.00 5089.50
       t_35: 4085.50 1000.00    0.00 5085.50
       t_36: 2550.00 1000.00 1531.00 5081.00
       t_37: 2041.00 1000.00 2041.50 5082.50
       t_38: 1917.00 1265.50 1916.50 5099.00
       t_39: 1690.50 1691.00 1690.50 5072.00
       t_40: 1687.50 1687.00 1687.50 5062.00
       t_41: 1688.50 1689.00 1688.00 5065.50
       t_42: 1693.00 1693.00 1693.50 5079.50
       t_43: 1688.00 1688.50 1688.00 5064.50
       t_44:  955.50  955.50  957.00 2868.00
       t_45:    0.00    0.00    0.00    0.00