        t_0: 3018.50 1510.50  503.50 5032.50
        t_1: 3020.50 1509.50  503.00 5033.00
        t_2: 3030.50 1515.00  505.00 5050.50
        t_3: 3032.50 1492.00  505.50 5030.00
        t_4: 3006.00 1527.50  501.00 5034.50
        t_5: 3030.50 1515.00  505.00 5050.50
        t_6: 3100.50 1402.00  517.00 5019.50
        t_7: 2909.00 1604.00  485.00 4998.00
        t_8: 3019.50 1509.00  503.00 5031.50
        t_9: 2831.50 1416.00  632.50 4880.00
       t_10:    0.00 1683.50 2555.00 4238.50
       t_11:    0.00 1779.00 2557.50 4336.50
       t_12:    0.00 1537.50 2556.00 4093.50
       t_13:    0.00 1753.00 2499.50 4252.50
       t_14: 2066.50 1778.00  765.50 4610.00
       t_15: 3475.50 1511.50    0.00 4987.00
       t_16: 3193.50 1777.50    0.00 4971.00
       t_17: 3218.00 1777.00    0.00 4995.00
       t_18: 3489.50 1510.50    0.00 5000.00
       t_19: 3197.50 1777.50    0.00 4975.00
       t_20: 3197.00 1777.50    0.00 4974.50
       t_21: 3472.00 1511.50    0.50 4984.00
       t_22: 3195.00 1778.00    0.00 4973.00
       t_23: 1495.50 1781.50 1143.00 4420.00
       t_24:    0.00 1511.50 2165.50 3677.00
       t_25:    0.00 1778.00 2168.50 3946.50
       t_26:    0.00 1779.00 2165.00 3944.00
       t_27:  353.50 1511.00 1926.50 3791.00
       t_28: 3201.50 1778.00    0.00 4979.50
       t_29: 3195.00 1778.00    0.00 4973.00
       t_30: 3474.50 1511.00    0.00 4985.50
       t_31: 3190.00 1779.00    0.00 4969.00
       t_32: 1585.00 1782.00 1082.00 4449.00
       t_33:    0.00 1511.00 2163.00 3674.00
       t_34:    0.00 1777.50 1926.50 3704.00
       t_35:    0.00 1777.50 1680.00 3457.50
       t_36:    0.00 1509.50 1679.00 3188.50
       t_37:    0.00 1776.50 1679.00 3455.50
       t_38:    0.00 1777.00 1678.50 3455.50
       t_39:    0.00 1509.50 1680.00 3189.50
       t_40:    0.00 1778.50 1680.00 3458.50
       t_41:    0.00 1779.50 1680.00 3459.50
       t_42:    0.00 1511.50 1680.50 3192.00
       t_43:    0.00 1778.00 1679.50 3457.50
       t_44:    0.00 1777.50 1680.00 3457.50
       t_45:    0.00  795.00 1680.50 2475.50
       t_46:    0.00    0.00 2185.00 2185.00
       t_47:    0.00    0.00 2534.50 2534.50
       t_48:    0.00    0.00 2533.50 2533.50
       t_49:    0.00    0.00 2534.50 2534.50
       t_50:    0.00    0.00 2531.00 2531.00
       t_51:    0.00    0.00 2534.00 2534.00
       t_52:    0.00    0.00 2531.00 2531.00
       t_53:    0.00    0.00 2528.50 2528.50
       t_54:    0.00    0.00 2534.00 2534.00
       t_55:    0.00    0.00 2534.50 2534.50
       t_56:    0.00    0.00  708.00  708.00
       t_57:    0.00    0.00    0.00    0.00