        t_0: 1847.00  924.00  308.00 3079.00
        t_1: 1840.50  921.00  306.50 3068.00
        t_2: 1842.00  921.00  307.00 3070.00
        t_3: 1842.00  921.00  307.50 3070.50
        t_4: 1845.00  922.50  307.50 3075.00
        t_5: 1844.50  922.00  307.00 3073.50
        t_6: 1844.50  921.50  307.50 3073.50
        t_7: 1843.00  922.00  307.50 3072.50
        t_8:  251.00 1722.00 1075.50 3048.50
        t_9:    0.00 1786.50 1261.00 3047.50
       t_10:    0.00 1788.00 1260.00 3048.00
       t_11:    0.00 1788.00 1294.00 3082.00
       t_12: 1617.00 1314.50  176.00 3107.50
       t_13: 1870.00 1246.50    0.00 3116.50
       t_14: 1870.00 1247.50    0.00 3117.50
       t_15: 1870.00 1248.00    0.00 3118.00
       t_16: 1870.00 1246.50    0.00 3116.50
       t_17: 1870.00 1239.50    0.00 3109.50
       t_18: 1870.00 1078.00  168.00 3116.00
       t_19: 1869.50  936.50  312.00 3118.00
       t_20:  293.50 1699.50 1096.50 3089.50
       t_21:    0.00 1787.50 1299.50 3087.00
       t_22:    0.00 1785.50 1299.00 3084.50
       t_23:    0.00 1795.50 1290.00 3085.50
       t_24: 1578.00 1325.00  201.50 3104.50
       t_25: 1870.00 1241.00    0.00 3111.00
       t_26: 1870.00 1242.00    0.00 3112.00
       t_27: 1869.50 1242.50    0.00 3112.00
       t_28: 1870.00 1210.00    0.00 3080.00
       t_29: 1870.00 1199.50    0.00 3069.50
       t_30: 1870.00 1162.00   44.00 3076.00
       t_31: 1870.00  907.50  302.50 3080.00
       t_32:  332.50 1675.00 1047.00 3054.50
       t_33:    0.00 1790.50 1294.50 3085.00
       t_34:    0.00 1789.00 1298.50 3087.50
       t_35:    0.00 1780.00 1303.50 3083.50
       t_36: 1539.50 1329.50  230.00 3099.00
       t_37: 1869.50 1234.00    0.00 3103.50
       t_38: 1870.50 1236.50    0.00 3107.00
       t_39: 1870.00 1235.50    0.00 3105.50
       t_40: 1870.00 1236.50    0.00 3106.50
       t_41: 1870.00 1207.50    0.00 3077.50
       t_42: 1869.50 1152.00   48.00 3069.50
       t_43: 1870.00  900.50  300.50 3071.00
       t_44:  371.00 1661.50 1027.00 3059.50
       t_45:    0.00 1787.50 1270.00 3057.50
       t_46:    0.00 1786.00 1271.50 3057.50
       t_47:    0.00 1785.50 1270.00 3055.50
       t_48: 1500.00 1344.50  251.00 3095.50
       t_49: 1870.00 1239.50    0.00 3109.50
       t_50: 1870.00 1242.00    0.00 3112.00
       t_51: 1868.50 1242.50    0.00 3111.00
       t_52: 1870.00 1239.50    0.00 3109.50
       t_53: 1870.00 1239.50    0.00 3109.50
       t_54: 1870.00 1105.50  135.00 3110.50
       t_55: 1870.00  932.50  311.00 3113.50
       t_56:  411.00 1213.50 1474.00 3098.50
       t_57:    0.00    0.00 3118.50 3118.50
       t_58:    0.00    0.00 3117.50 3117.50
       t_59:    0.00    0.00 3115.50 3115.50
       t_60:    0.00    0.00 3121.00 3121.00
       t_61:    0.00    0.00 3118.00 3118.00
       t_62:    0.00    0.00 3119.50 3119.50
       t_63:    0.00    0.00 3119.50 3119.50
       t_64:    0.00    0.00 3113.50 3113.50
       t_65:    0.00    0.00 3118.50 3118.50
       t_66:    0.00    0.00 3116.00 3116.00
       t_67:    0.00    0.00 3121.50 3121.50
       t_68:    0.00    0.00 3118.50 3118.50
       t_69:    0.00    0.00 3119.00 3119.00
       t_70:    0.00    0.00 3120.50 3120.50
       t_71:    0.00    0.00 3118.00 3118.00
       t_72:    0.00    0.00 2155.50 2155.50
       t_73:    0.00    0.00    0.00    0.00
