       t_0: 1860.50  930.50  310.50 3101.50
        t_1: 1857.00  929.50  309.50 3096.00
        t_2: 1850.50  924.50  308.50 3083.50
        t_3: 1851.00  925.50  308.50 3085.00
        t_4: 1853.00  926.50  308.50 3088.00
        t_5:  727.00  941.50 1422.50 3091.00
        t_6:    0.00  930.50 2164.50 3095.00
        t_7:    0.00  925.00 2165.50 3090.50
        t_8:    0.00  926.00 2166.50 3092.50
        t_9: 1137.50  923.50 1031.50 3092.50
       t_10: 1869.50  922.50  302.50 3094.50
       t_11: 1870.00  921.50  304.50 3096.00
       t_12: 1870.00  935.00  295.50 3100.50
       t_13: 1870.00  925.50  297.50 3093.00
       t_14: 1383.00  922.50  789.00 3094.50
       t_15:    0.00  923.50 2168.50 3092.00
       t_16:    0.00  926.50 2166.00 3092.50
       t_17:    0.00  937.00 2145.00 3082.00
       t_18:  488.50  931.00 1657.00 3076.50
       t_19: 1870.00  922.00  298.50 3090.50
       t_20: 1870.00  922.00  300.00 3092.00
       t_21: 1870.00  923.00  302.00 3095.00
       t_22: 1870.00  923.50  302.50 3096.00
       t_23: 1869.50  922.50  294.00 3086.00
       t_24:  162.00  922.00 2006.00 3090.00
       t_25:    0.00  921.50 2170.00 3091.50
       t_26:    0.00  921.50 2170.50 3092.00
       t_27:    0.00  926.00 2167.50 3093.50
       t_28: 1709.50  923.50  464.00 3097.00
       t_29: 1870.00  923.00  303.00 3096.00
       t_30: 1869.50  923.50  299.50 3092.50
       t_31: 1870.00  923.00  302.00 3095.00
       t_32: 1870.50  925.00  294.00 3089.50
       t_33:  810.50  924.00 1354.00 3088.50
       t_34:    0.00  928.00 2161.00 3089.00
       t_35:    0.00  936.50 2153.50 3090.00
       t_36:    0.00  931.00 2158.50 3089.50
       t_37: 1060.00  926.00 1111.00 3097.00
       t_38: 1870.00  925.50  297.00 3092.50
       t_39: 1870.00  923.50  305.50 3099.00
       t_40: 1870.50  931.00  303.50 3105.00
       t_41: 1869.50  930.00  298.00 3097.50
       t_42: 1460.00  923.50  710.00 3093.50
       t_43:    0.00  921.50 2169.00 3090.50
       t_44:    0.00  930.00 2162.50 3092.50
       t_45:    0.00  923.00 2169.00 3092.00
       t_46:  411.50  935.50 1741.50 3088.50
       t_47: 1870.00  924.00  308.00 3102.00
       t_48: 1870.50  943.50  290.00 3104.00
       t_49: 1869.50  927.50  299.00 3096.00
       t_50: 1870.00  924.50  303.50 3098.00
       t_51: 1870.00  930.50  291.50 3092.00
       t_52:  238.50  931.50 1927.50 3097.50
       t_53:    0.00  923.50 2160.50 3084.00
       t_54:    0.00  923.50 2163.50 3087.00
       t_55:    0.00  922.00 2166.00 3088.00
       t_56: 1633.00  922.00  534.50 3089.50
       t_57: 1866.50  928.00  285.50 3080.00
       t_58: 1870.00  922.50  297.00 3089.50
       t_59: 1868.50  923.00  304.50 3096.00
       t_60: 1870.00  922.50  308.00 3100.50
       t_61:  892.00  924.50 1279.50 3096.00
       t_62:    0.00  938.50 2140.50 3079.00
       t_63:    0.00  937.00 2150.50 3087.50
       t_64:    0.00  943.00 2148.00 3091.00
       t_65:  979.50  938.50 1175.00 3093.00
       t_66: 1870.00  934.00  289.50 3093.50
       t_67: 1870.00  933.00  289.00 3092.00
       t_68:  280.00  928.00 1884.50 3092.50
       t_69:    0.00  936.00  615.50 1551.50
       t_70:    0.00  940.50    0.00  940.50
       t_71:    0.00  941.00    0.00  941.00
       t_72:    0.00  941.00    0.00  941.00
       t_73:    0.00  941.00    0.00  941.00
       t_74:    0.00  941.00    0.00  941.00
       t_75:    0.00  941.00    0.00  941.00
       t_76:    0.00  941.50    0.00  941.50
       t_77:    0.00  941.00    0.00  941.00
       t_78:    0.00  941.50    0.00  941.50
       t_79:    0.00  941.00    0.00  941.00
       t_80:    0.00  669.50    0.00  669.50
       t_81:    0.00    0.00    0.00    0.00