        t_0: 1863.00  932.00  310.50 3105.50
        t_1: 1863.00  931.50  310.50 3105.00
        t_2: 1864.00  932.00  311.00 3107.00
        t_3: 1862.00  931.50  310.50 3104.00
        t_4: 1866.50  933.00  311.00 3110.50
        t_5:  681.00 1526.00  890.50 3097.50
        t_6:    0.00 1784.50 1307.00 3091.50
        t_7:    0.00 1784.50 1304.50 3089.00
        t_8:    0.00 1785.00 1305.50 3090.50
        t_9: 1189.00 1440.50  476.00 3105.50
       t_10: 1870.50 1212.00    0.00 3082.50
       t_11: 1869.50 1226.00    0.00 3095.50
       t_12: 1870.00 1241.50    0.00 3111.50
       t_13: 1870.00 1234.50    0.00 3104.50
       t_14: 1331.00 1445.00  326.50 3102.50
       t_15:    0.00 1783.50 1307.50 3091.00
       t_16:    0.00 1786.00 1306.00 3092.00
       t_17:    0.00 1785.00 1307.50 3092.50
       t_18:  540.50 1630.50  921.50 3092.50
       t_19: 1870.00 1239.00    0.00 3109.00
       t_20: 1870.00 1236.00    0.00 3106.00
       t_21: 1870.00 1237.50    0.00 3107.50
       t_22: 1869.50 1234.00    0.00 3103.50
       t_23: 1870.50 1241.00    0.00 3111.50
       t_24:  109.50 1796.00 1185.00 3090.50
       t_25:    0.00 1779.50 1315.00 3094.50
       t_26:    0.00 1787.50 1305.00 3092.50
       t_27:    0.00 1782.50 1309.00 3091.50
       t_28: 1761.50 1265.50   76.00 3103.00
       t_29: 1870.00 1238.50    0.00 3108.50
       t_30: 1869.50 1242.50    0.00 3112.00
       t_31: 1870.50 1239.00    0.00 3109.50
       t_32: 1870.00 1240.00    0.00 3110.00
       t_33:  758.50 1614.50  726.00 3099.00
       t_34:    0.00 1788.00 1304.50 3092.50
       t_35:    0.00 1788.00 1304.50 3092.50
       t_36:    0.00 1789.00 1303.00 3092.00
       t_37: 1112.50 1462.50  528.00 3103.00
       t_38: 1870.00 1242.00    0.00 3112.00
       t_39: 1870.00 1241.50    0.00 3111.50
       t_40: 1870.00 1238.50    0.00 3108.50
       t_41: 1870.00 1241.00    0.00 3111.00
       t_42: 1407.50 1426.00  274.00 3107.50
       t_43:    0.00 1785.50 1307.50 3093.00
       t_44:    0.00 1786.50 1302.50 3089.00
       t_45:    0.00 1783.00 1304.00 3087.00
       t_46:  463.50 1651.00  983.00 3097.50
       t_47: 1870.00 1251.50    0.00 3121.50
       t_48: 1869.50 1248.00    0.00 3117.50
       t_49: 1870.00 1241.50    0.00 3111.50
       t_50: 1870.00 1243.00    0.00 3113.00
       t_51: 1870.00 1240.50    0.00 3110.50
       t_52:  187.00 1055.50 1858.50 3101.00
       t_53:    0.00    0.00 3111.50 3111.50
       t_54:    0.00    0.00 3117.50 3117.50
       t_55:    0.00    0.00 3120.00 3120.00
       t_56: 1684.50    0.00 1437.50 3122.00
       t_57: 1870.00    0.00 1248.50 3118.50
       t_58: 1870.00    0.00 1250.50 3120.50
       t_59: 1869.00    0.00 1253.50 3122.50
       t_60: 1869.50    0.00 1253.50 3123.00
       t_61:  837.00    0.00 2282.50 3119.50
       t_62:    0.00    0.00 3115.50 3115.50
       t_63:    0.00    0.00 3113.50 3113.50
       t_64:    0.00    0.00 3114.50 3114.50
       t_65: 1034.50    0.00 2085.00 3119.50
       t_66: 1870.00    0.00 1244.00 3114.00
       t_67: 1870.00    0.00 1246.50 3116.50
       t_68:  225.00    0.00 2890.00 3115.00
       t_69:    0.00    0.00 3116.00 3116.00
       t_70:    0.00    0.00 3119.50 3119.50
       t_71:    0.00    0.00 3117.00 3117.00
       t_72:    0.00    0.00 1372.00 1372.00
       t_73:    0.00    0.00    0.00    0.00